<?xml version="1.0" encoding="UTF-8"?>
<testng-results ignored="1" total="9" passed="6" failed="2" skipped="0">
  <reporter-output>
  </reporter-output>
  <suite started-at="2023-05-25T11:51:53 CET" name="V_0.10.0" finished-at="2023-05-25T11:58:24 CET" duration-ms="391584">
    <groups>
    </groups>
    <test started-at="2023-05-25T11:51:53 CET" name="RC1" finished-at="2023-05-25T11:58:24 CET" duration-ms="391584">
      <class name="config.BaseClass">
        <test-method is-config="true" signature="setup()[pri:0, instance:config.BaseClass@27f9e982]" started-at="2023-05-25T11:51:33 CET" name="setup" finished-at="2023-05-25T11:51:53 CET" duration-ms="19800" status="PASS">
          <reporter-output>
          </reporter-output>
        </test-method> <!-- setup -->
      </class> <!-- config.BaseClass -->
      <class name="tests.Offline_Control_Mode">
        <test-method signature="Authentification()[pri:0, instance:tests.Offline_Control_Mode@58a55449]" started-at="2023-05-25T11:51:53 CET" name="Authentification" finished-at="2023-05-25T11:52:24 CET" duration-ms="31643" status="PASS">
          <reporter-output>
          </reporter-output>
        </test-method> <!-- Authentification -->
        <test-method signature="CreationSite()[pri:0, instance:tests.Offline_Control_Mode@58a55449]" started-at="2023-05-25T11:52:24 CET" name="CreationSite" finished-at="2023-05-25T11:52:36 CET" duration-ms="11776" status="PASS">
          <reporter-output>
          </reporter-output>
        </test-method> <!-- CreationSite -->
        <test-method signature="Creation_Area()[pri:0, instance:tests.Offline_Control_Mode@58a55449]" started-at="2023-05-25T11:52:36 CET" name="Creation_Area" finished-at="2023-05-25T11:52:59 CET" duration-ms="23354" status="PASS">
          <reporter-output>
          </reporter-output>
        </test-method> <!-- Creation_Area -->
        <test-method signature="add_Device()[pri:0, instance:tests.Offline_Control_Mode@58a55449]" started-at="2023-05-25T11:52:59 CET" name="add_Device" finished-at="2023-05-25T11:55:18 CET" duration-ms="138876" status="PASS">
          <reporter-output>
          </reporter-output>
        </test-method> <!-- add_Device -->
        <test-method signature="control_Acc_Case1()[pri:0, instance:tests.Offline_Control_Mode@58a55449]" started-at="2023-05-25T11:55:18 CET" name="control_Acc_Case1" finished-at="2023-05-25T11:56:39 CET" duration-ms="80577" status="PASS">
          <reporter-output>
          </reporter-output>
        </test-method> <!-- control_Acc_Case1 -->
        <test-method signature="control_Acc_Case2()[pri:0, instance:tests.Offline_Control_Mode@58a55449]" started-at="2023-05-25T11:56:39 CET" name="control_Acc_Case2" finished-at="2023-05-25T11:56:39 CET" duration-ms="239" status="FAIL">
          <exception class="org.openqa.selenium.NoSuchElementException">
            <message>
              <![CDATA[An element could not be located on the page using the given search parameters.
For documentation on this error, please visit: https://selenium.dev/exceptions/#no_such_element
Build info: version: '4.9.1', revision: 'eb2032df7f'
System info: os.name: 'Windows 10', os.arch: 'amd64', os.version: '10.0', java.version: '17.0.6'
Driver info: io.appium.java_client.android.AndroidDriver
Command: [4d45ddf5-e908-4fb7-af71-b3a58a841caa, findElement {using=xpath, value=/hierarchy/android.widget.FrameLayout/android.widget.LinearLayout/android.widget.FrameLayout/android.widget.LinearLayout/android.widget.FrameLayout/android.widget.LinearLayout/android.view.ViewGroup/android.widget.FrameLayout/android.widget.FrameLayout/android.widget.ScrollView/android.view.ViewGroup/android.view.ViewGroup/android.view.ViewGroup/android.view.ViewGroup/android.widget.TextView}]
Capabilities {appium:app: E:\Commendo\Commendo.apk, appium:appPackage: com.sofia.commendo, appium:databaseEnabled: false, appium:desired: {app: E:\Commendo\Commendo.apk, deviceName: HUAWEI Y7 Prime 2019, newCommandTimeout: 60, platformName: ANDROID, platformVersion: 8.1, udid: BVK6R20519013034}, appium:deviceApiLevel: 27, appium:deviceManufacturer: HUAWEI, appium:deviceModel: DUB-LX1, appium:deviceName: BVK6R20519013034, appium:deviceScreenDensity: 320, appium:deviceScreenSize: 720x1520, appium:deviceUDID: BVK6R20519013034, appium:javascriptEnabled: true, appium:locationContextEnabled: false, appium:networkConnectionEnabled: true, appium:newCommandTimeout: 60, appium:pixelRatio: 2, appium:platformVersion: 8.1.0, appium:statBarHeight: 54, appium:takesScreenshot: true, appium:udid: BVK6R20519013034, appium:viewportRect: {height: 1386, left: 0, top: 54, width: 720}, appium:warnings: {}, appium:webStorageEnabled: false, platformName: ANDROID}
Session ID: 4d45ddf5-e908-4fb7-af71-b3a58a841caa]]>
            </message>
            <full-stacktrace>
              <![CDATA[org.openqa.selenium.NoSuchElementException: An element could not be located on the page using the given search parameters.
For documentation on this error, please visit: https://selenium.dev/exceptions/#no_such_element
Build info: version: '4.9.1', revision: 'eb2032df7f'
System info: os.name: 'Windows 10', os.arch: 'amd64', os.version: '10.0', java.version: '17.0.6'
Driver info: io.appium.java_client.android.AndroidDriver
Command: [4d45ddf5-e908-4fb7-af71-b3a58a841caa, findElement {using=xpath, value=/hierarchy/android.widget.FrameLayout/android.widget.LinearLayout/android.widget.FrameLayout/android.widget.LinearLayout/android.widget.FrameLayout/android.widget.LinearLayout/android.view.ViewGroup/android.widget.FrameLayout/android.widget.FrameLayout/android.widget.ScrollView/android.view.ViewGroup/android.view.ViewGroup/android.view.ViewGroup/android.view.ViewGroup/android.widget.TextView}]
Capabilities {appium:app: E:\Commendo\Commendo.apk, appium:appPackage: com.sofia.commendo, appium:databaseEnabled: false, appium:desired: {app: E:\Commendo\Commendo.apk, deviceName: HUAWEI Y7 Prime 2019, newCommandTimeout: 60, platformName: ANDROID, platformVersion: 8.1, udid: BVK6R20519013034}, appium:deviceApiLevel: 27, appium:deviceManufacturer: HUAWEI, appium:deviceModel: DUB-LX1, appium:deviceName: BVK6R20519013034, appium:deviceScreenDensity: 320, appium:deviceScreenSize: 720x1520, appium:deviceUDID: BVK6R20519013034, appium:javascriptEnabled: true, appium:locationContextEnabled: false, appium:networkConnectionEnabled: true, appium:newCommandTimeout: 60, appium:pixelRatio: 2, appium:platformVersion: 8.1.0, appium:statBarHeight: 54, appium:takesScreenshot: true, appium:udid: BVK6R20519013034, appium:viewportRect: {height: 1386, left: 0, top: 54, width: 720}, appium:warnings: {}, appium:webStorageEnabled: false, platformName: ANDROID}
Session ID: 4d45ddf5-e908-4fb7-af71-b3a58a841caa
at java.base/jdk.internal.reflect.NativeConstructorAccessorImpl.newInstance0(Native Method)
at java.base/jdk.internal.reflect.NativeConstructorAccessorImpl.newInstance(NativeConstructorAccessorImpl.java:77)
at java.base/jdk.internal.reflect.DelegatingConstructorAccessorImpl.newInstance(DelegatingConstructorAccessorImpl.java:45)
at java.base/java.lang.reflect.Constructor.newInstanceWithCaller(Constructor.java:499)
at java.base/java.lang.reflect.Constructor.newInstance(Constructor.java:480)
at org.openqa.selenium.remote.codec.w3c.W3CHttpResponseCodec.createException(W3CHttpResponseCodec.java:200)
at org.openqa.selenium.remote.codec.w3c.W3CHttpResponseCodec.decode(W3CHttpResponseCodec.java:133)
at org.openqa.selenium.remote.codec.w3c.W3CHttpResponseCodec.decode(W3CHttpResponseCodec.java:53)
at org.openqa.selenium.remote.HttpCommandExecutor.execute(HttpCommandExecutor.java:193)
at io.appium.java_client.remote.AppiumCommandExecutor.execute(AppiumCommandExecutor.java:262)
at org.openqa.selenium.remote.RemoteWebDriver.execute(RemoteWebDriver.java:543)
at org.openqa.selenium.remote.ElementLocation$ElementFinder$2.findElement(ElementLocation.java:162)
at org.openqa.selenium.remote.ElementLocation.findElement(ElementLocation.java:60)
at org.openqa.selenium.remote.RemoteWebDriver.findElement(RemoteWebDriver.java:352)
at org.openqa.selenium.remote.RemoteWebDriver.findElement(RemoteWebDriver.java:344)
at org.openqa.selenium.support.pagefactory.DefaultElementLocator.findElement(DefaultElementLocator.java:70)
at org.openqa.selenium.support.pagefactory.internal.LocatingElementHandler.invoke(LocatingElementHandler.java:39)
at jdk.proxy2/jdk.proxy2.$Proxy17.click(Unknown Source)
at tests.Offline_Control_Mode.control_Acc_Case2(Offline_Control_Mode.java:505)
at java.base/jdk.internal.reflect.NativeMethodAccessorImpl.invoke0(Native Method)
at java.base/jdk.internal.reflect.NativeMethodAccessorImpl.invoke(NativeMethodAccessorImpl.java:77)
at java.base/jdk.internal.reflect.DelegatingMethodAccessorImpl.invoke(DelegatingMethodAccessorImpl.java:43)
at java.base/java.lang.reflect.Method.invoke(Method.java:568)
at org.testng.internal.MethodInvocationHelper.invokeMethod(MethodInvocationHelper.java:133)
at org.testng.internal.TestInvoker.invokeMethod(TestInvoker.java:598)
at org.testng.internal.TestInvoker.invokeTestMethod(TestInvoker.java:173)
at org.testng.internal.MethodRunner.runInSequence(MethodRunner.java:46)
at org.testng.internal.TestInvoker$MethodInvocationAgent.invoke(TestInvoker.java:824)
at org.testng.internal.TestInvoker.invokeTestMethods(TestInvoker.java:146)
at org.testng.internal.TestMethodWorker.invokeTestMethods(TestMethodWorker.java:146)
at org.testng.internal.TestMethodWorker.run(TestMethodWorker.java:128)
at java.base/java.util.ArrayList.forEach(ArrayList.java:1511)
at org.testng.TestRunner.privateRun(TestRunner.java:794)
at org.testng.TestRunner.run(TestRunner.java:596)
at org.testng.SuiteRunner.runTest(SuiteRunner.java:377)
at org.testng.SuiteRunner.runSequentially(SuiteRunner.java:371)
at org.testng.SuiteRunner.privateRun(SuiteRunner.java:332)
at org.testng.SuiteRunner.run(SuiteRunner.java:276)
at org.testng.SuiteRunnerWorker.runSuite(SuiteRunnerWorker.java:53)
at org.testng.SuiteRunnerWorker.run(SuiteRunnerWorker.java:96)
at org.testng.TestNG.runSuitesSequentially(TestNG.java:1212)
at org.testng.TestNG.runSuitesLocally(TestNG.java:1134)
at org.testng.TestNG.runSuites(TestNG.java:1063)
at org.testng.TestNG.run(TestNG.java:1031)
at org.testng.remote.AbstractRemoteTestNG.run(AbstractRemoteTestNG.java:115)
at org.testng.remote.RemoteTestNG.initAndRun(RemoteTestNG.java:251)
at org.testng.remote.RemoteTestNG.main(RemoteTestNG.java:77)
]]>
            </full-stacktrace>
          </exception> <!-- org.openqa.selenium.NoSuchElementException -->
          <reporter-output>
          </reporter-output>
        </test-method> <!-- control_Acc_Case2 -->
        <test-method signature="creationScAuto()[pri:0, instance:tests.Offline_Control_Mode@58a55449]" started-at="2023-05-25T11:56:39 CET" name="creationScAuto" finished-at="2023-05-25T11:58:24 CET" duration-ms="104837" status="PASS">
          <reporter-output>
          </reporter-output>
        </test-method> <!-- creationScAuto -->
        <test-method signature="edit_Device()[pri:0, instance:tests.Offline_Control_Mode@58a55449]" started-at="2023-05-25T11:58:24 CET" name="edit_Device" finished-at="2023-05-25T11:58:24 CET" duration-ms="193" status="FAIL">
          <exception class="org.openqa.selenium.NoSuchElementException">
            <message>
              <![CDATA[An element could not be located on the page using the given search parameters.
For documentation on this error, please visit: https://selenium.dev/exceptions/#no_such_element
Build info: version: '4.9.1', revision: 'eb2032df7f'
System info: os.name: 'Windows 10', os.arch: 'amd64', os.version: '10.0', java.version: '17.0.6'
Driver info: io.appium.java_client.android.AndroidDriver
Command: [4d45ddf5-e908-4fb7-af71-b3a58a841caa, findElement {using=xpath, value=//android.widget.FrameLayout[@content-desc="Espace"]}]
Capabilities {appium:app: E:\Commendo\Commendo.apk, appium:appPackage: com.sofia.commendo, appium:databaseEnabled: false, appium:desired: {app: E:\Commendo\Commendo.apk, deviceName: HUAWEI Y7 Prime 2019, newCommandTimeout: 60, platformName: ANDROID, platformVersion: 8.1, udid: BVK6R20519013034}, appium:deviceApiLevel: 27, appium:deviceManufacturer: HUAWEI, appium:deviceModel: DUB-LX1, appium:deviceName: BVK6R20519013034, appium:deviceScreenDensity: 320, appium:deviceScreenSize: 720x1520, appium:deviceUDID: BVK6R20519013034, appium:javascriptEnabled: true, appium:locationContextEnabled: false, appium:networkConnectionEnabled: true, appium:newCommandTimeout: 60, appium:pixelRatio: 2, appium:platformVersion: 8.1.0, appium:statBarHeight: 54, appium:takesScreenshot: true, appium:udid: BVK6R20519013034, appium:viewportRect: {height: 1386, left: 0, top: 54, width: 720}, appium:warnings: {}, appium:webStorageEnabled: false, platformName: ANDROID}
Session ID: 4d45ddf5-e908-4fb7-af71-b3a58a841caa]]>
            </message>
            <full-stacktrace>
              <![CDATA[org.openqa.selenium.NoSuchElementException: An element could not be located on the page using the given search parameters.
For documentation on this error, please visit: https://selenium.dev/exceptions/#no_such_element
Build info: version: '4.9.1', revision: 'eb2032df7f'
System info: os.name: 'Windows 10', os.arch: 'amd64', os.version: '10.0', java.version: '17.0.6'
Driver info: io.appium.java_client.android.AndroidDriver
Command: [4d45ddf5-e908-4fb7-af71-b3a58a841caa, findElement {using=xpath, value=//android.widget.FrameLayout[@content-desc="Espace"]}]
Capabilities {appium:app: E:\Commendo\Commendo.apk, appium:appPackage: com.sofia.commendo, appium:databaseEnabled: false, appium:desired: {app: E:\Commendo\Commendo.apk, deviceName: HUAWEI Y7 Prime 2019, newCommandTimeout: 60, platformName: ANDROID, platformVersion: 8.1, udid: BVK6R20519013034}, appium:deviceApiLevel: 27, appium:deviceManufacturer: HUAWEI, appium:deviceModel: DUB-LX1, appium:deviceName: BVK6R20519013034, appium:deviceScreenDensity: 320, appium:deviceScreenSize: 720x1520, appium:deviceUDID: BVK6R20519013034, appium:javascriptEnabled: true, appium:locationContextEnabled: false, appium:networkConnectionEnabled: true, appium:newCommandTimeout: 60, appium:pixelRatio: 2, appium:platformVersion: 8.1.0, appium:statBarHeight: 54, appium:takesScreenshot: true, appium:udid: BVK6R20519013034, appium:viewportRect: {height: 1386, left: 0, top: 54, width: 720}, appium:warnings: {}, appium:webStorageEnabled: false, platformName: ANDROID}
Session ID: 4d45ddf5-e908-4fb7-af71-b3a58a841caa
at java.base/jdk.internal.reflect.NativeConstructorAccessorImpl.newInstance0(Native Method)
at java.base/jdk.internal.reflect.NativeConstructorAccessorImpl.newInstance(NativeConstructorAccessorImpl.java:77)
at java.base/jdk.internal.reflect.DelegatingConstructorAccessorImpl.newInstance(DelegatingConstructorAccessorImpl.java:45)
at java.base/java.lang.reflect.Constructor.newInstanceWithCaller(Constructor.java:499)
at java.base/java.lang.reflect.Constructor.newInstance(Constructor.java:480)
at org.openqa.selenium.remote.codec.w3c.W3CHttpResponseCodec.createException(W3CHttpResponseCodec.java:200)
at org.openqa.selenium.remote.codec.w3c.W3CHttpResponseCodec.decode(W3CHttpResponseCodec.java:133)
at org.openqa.selenium.remote.codec.w3c.W3CHttpResponseCodec.decode(W3CHttpResponseCodec.java:53)
at org.openqa.selenium.remote.HttpCommandExecutor.execute(HttpCommandExecutor.java:193)
at io.appium.java_client.remote.AppiumCommandExecutor.execute(AppiumCommandExecutor.java:262)
at org.openqa.selenium.remote.RemoteWebDriver.execute(RemoteWebDriver.java:543)
at org.openqa.selenium.remote.ElementLocation$ElementFinder$2.findElement(ElementLocation.java:162)
at org.openqa.selenium.remote.ElementLocation.findElement(ElementLocation.java:60)
at org.openqa.selenium.remote.RemoteWebDriver.findElement(RemoteWebDriver.java:352)
at org.openqa.selenium.remote.RemoteWebDriver.findElement(RemoteWebDriver.java:344)
at org.openqa.selenium.support.pagefactory.DefaultElementLocator.findElement(DefaultElementLocator.java:70)
at org.openqa.selenium.support.pagefactory.internal.LocatingElementHandler.invoke(LocatingElementHandler.java:39)
at jdk.proxy2/jdk.proxy2.$Proxy17.click(Unknown Source)
at tests.Offline_Control_Mode.edit_Device(Offline_Control_Mode.java:407)
at java.base/jdk.internal.reflect.NativeMethodAccessorImpl.invoke0(Native Method)
at java.base/jdk.internal.reflect.NativeMethodAccessorImpl.invoke(NativeMethodAccessorImpl.java:77)
at java.base/jdk.internal.reflect.DelegatingMethodAccessorImpl.invoke(DelegatingMethodAccessorImpl.java:43)
at java.base/java.lang.reflect.Method.invoke(Method.java:568)
at org.testng.internal.MethodInvocationHelper.invokeMethod(MethodInvocationHelper.java:133)
at org.testng.internal.TestInvoker.invokeMethod(TestInvoker.java:598)
at org.testng.internal.TestInvoker.invokeTestMethod(TestInvoker.java:173)
at org.testng.internal.MethodRunner.runInSequence(MethodRunner.java:46)
at org.testng.internal.TestInvoker$MethodInvocationAgent.invoke(TestInvoker.java:824)
at org.testng.internal.TestInvoker.invokeTestMethods(TestInvoker.java:146)
at org.testng.internal.TestMethodWorker.invokeTestMethods(TestMethodWorker.java:146)
at org.testng.internal.TestMethodWorker.run(TestMethodWorker.java:128)
at java.base/java.util.ArrayList.forEach(ArrayList.java:1511)
at org.testng.TestRunner.privateRun(TestRunner.java:794)
at org.testng.TestRunner.run(TestRunner.java:596)
at org.testng.SuiteRunner.runTest(SuiteRunner.java:377)
at org.testng.SuiteRunner.runSequentially(SuiteRunner.java:371)
at org.testng.SuiteRunner.privateRun(SuiteRunner.java:332)
at org.testng.SuiteRunner.run(SuiteRunner.java:276)
at org.testng.SuiteRunnerWorker.runSuite(SuiteRunnerWorker.java:53)
at org.testng.SuiteRunnerWorker.run(SuiteRunnerWorker.java:96)
at org.testng.TestNG.runSuitesSequentially(TestNG.java:1212)
at org.testng.TestNG.runSuitesLocally(TestNG.java:1134)
at org.testng.TestNG.runSuites(TestNG.java:1063)
at org.testng.TestNG.run(TestNG.java:1031)
at org.testng.remote.AbstractRemoteTestNG.run(AbstractRemoteTestNG.java:115)
at org.testng.remote.RemoteTestNG.initAndRun(RemoteTestNG.java:251)
at org.testng.remote.RemoteTestNG.main(RemoteTestNG.java:77)
]]>
            </full-stacktrace>
          </exception> <!-- org.openqa.selenium.NoSuchElementException -->
          <reporter-output>
          </reporter-output>
        </test-method> <!-- edit_Device -->
      </class> <!-- tests.Offline_Control_Mode -->
    </test> <!-- RC1 -->
  </suite> <!-- V_0.10.0 -->
</testng-results>
